C:\Program Files (x86)\Microsoft Visual Studio\2019\Community\MSBuild\Microsoft\VC\v160\Microsoft.CppBuild.targets(513,5): warning MSB8028: The intermediate directory (Debug\) contains files shared from another project (飞机大战第二版.vcxproj).  This can lead to incorrect clean and rebuild behavior.
  黄油飞机大战.cpp
E:\C\大作业\飞机大战\黄油飞机大战工程\飞机大战第二版\黄油飞机大战.cpp(70,14): warning C4018: '>': signed/unsigned mismatch
E:\C\大作业\飞机大战\黄油飞机大战工程\飞机大战第二版\黄油飞机大战.cpp(81,14): warning C4018: '>': signed/unsigned mismatch
E:\C\大作业\飞机大战\黄油飞机大战工程\飞机大战第二版\黄油飞机大战.cpp(147,55): warning C4244: '+=': conversion from 'double' to 'float', possible loss of data
E:\C\大作业\飞机大战\黄油飞机大战工程\飞机大战第二版\黄油飞机大战.cpp(149,18): warning C4244: 'argument': conversion from 'float' to 'int', possible loss of data
E:\C\大作业\飞机大战\黄油飞机大战工程\飞机大战第二版\黄油飞机大战.cpp(151,55): warning C4244: '+=': conversion from 'double' to 'float', possible loss of data
E:\C\大作业\飞机大战\黄油飞机大战工程\飞机大战第二版\黄油飞机大战.cpp(153,18): warning C4244: 'argument': conversion from 'float' to 'int', possible loss of data
E:\C\大作业\飞机大战\黄油飞机大战工程\飞机大战第二版\黄油飞机大战.cpp(287,54): warning C4244: 'argument': conversion from 'float' to 'int', possible loss of data
E:\C\大作业\飞机大战\黄油飞机大战工程\飞机大战第二版\黄油飞机大战.cpp(287,21): warning C4244: 'argument': conversion from 'float' to 'int', possible loss of data
E:\C\大作业\飞机大战\黄油飞机大战工程\飞机大战第二版\黄油飞机大战.cpp(288,54): warning C4244: 'argument': conversion from 'float' to 'int', possible loss of data
E:\C\大作业\飞机大战\黄油飞机大战工程\飞机大战第二版\黄油飞机大战.cpp(288,21): warning C4244: 'argument': conversion from 'float' to 'int', possible loss of data
E:\C\大作业\飞机大战\黄油飞机大战工程\飞机大战第二版\黄油飞机大战.cpp(325,1): warning C4305: '-=': truncation from 'double' to 'float'
E:\C\大作业\飞机大战\黄油飞机大战工程\飞机大战第二版\黄油飞机大战.cpp(432,43): warning C4244: '=': conversion from 'int' to 'float', possible loss of data
E:\C\大作业\飞机大战\黄油飞机大战工程\飞机大战第二版\黄油飞机大战.cpp(433,55): warning C4244: '=': conversion from 'int' to 'float', possible loss of data
E:\C\大作业\飞机大战\黄油飞机大战工程\飞机大战第二版\黄油飞机大战.cpp(436,61): warning C4244: '=': conversion from 'double' to 'float', possible loss of data
E:\C\大作业\飞机大战\黄油飞机大战工程\飞机大战第二版\黄油飞机大战.cpp(440,45): warning C4244: '=': conversion from 'double' to 'float', possible loss of data
E:\C\大作业\飞机大战\黄油飞机大战工程\飞机大战第二版\黄油飞机大战.cpp(443,1): warning C4305: '+=': truncation from 'double' to 'float'
E:\C\大作业\飞机大战\黄油飞机大战工程\飞机大战第二版\黄油飞机大战.cpp(556,3): warning C4996: 'itoa': The POSIX name for this item is deprecated. Instead, use the ISO C and C++ conformant name: _itoa. See online help for details.
E:\C\大作业\飞机大战\黄油飞机大战工程\飞机大战第二版\黄油飞机大战.cpp(566,3): warning C4996: 'itoa': The POSIX name for this item is deprecated. Instead, use the ISO C and C++ conformant name: _itoa. See online help for details.
E:\C\大作业\飞机大战\黄油飞机大战工程\飞机大战第二版\黄油飞机大战.cpp(582,7): warning C4996: 'itoa': The POSIX name for this item is deprecated. Instead, use the ISO C and C++ conformant name: _itoa. See online help for details.
E:\C\大作业\飞机大战\黄油飞机大战工程\飞机大战第二版\黄油飞机大战.cpp(595,4): warning C4996: 'itoa': The POSIX name for this item is deprecated. Instead, use the ISO C and C++ conformant name: _itoa. See online help for details.
E:\C\大作业\飞机大战\黄油飞机大战工程\飞机大战第二版\黄油飞机大战.cpp(596,4): warning C4996: 'itoa': The POSIX name for this item is deprecated. Instead, use the ISO C and C++ conformant name: _itoa. See online help for details.
E:\C\大作业\飞机大战\黄油飞机大战工程\飞机大战第二版\黄油飞机大战.cpp(674,44): warning C4244: 'argument': conversion from 'float' to 'int', possible loss of data
E:\C\大作业\飞机大战\黄油飞机大战工程\飞机大战第二版\黄油飞机大战.cpp(674,31): warning C4244: 'argument': conversion from 'float' to 'int', possible loss of data
E:\C\大作业\飞机大战\黄油飞机大战工程\飞机大战第二版\黄油飞机大战.cpp(675,38): warning C4244: 'argument': conversion from 'float' to 'int', possible loss of data
E:\C\大作业\飞机大战\黄油飞机大战工程\飞机大战第二版\黄油飞机大战.cpp(675,25): warning C4244: 'argument': conversion from 'float' to 'int', possible loss of data
E:\C\大作业\飞机大战\黄油飞机大战工程\飞机大战第二版\黄油飞机大战.cpp(680,40): warning C4244: 'argument': conversion from 'float' to 'int', possible loss of data
E:\C\大作业\飞机大战\黄油飞机大战工程\飞机大战第二版\黄油飞机大战.cpp(680,27): warning C4244: 'argument': conversion from 'float' to 'int', possible loss of data
E:\C\大作业\飞机大战\黄油飞机大战工程\飞机大战第二版\黄油飞机大战.cpp(687,60): warning C4244: 'argument': conversion from 'float' to 'int', possible loss of data
E:\C\大作业\飞机大战\黄油飞机大战工程\飞机大战第二版\黄油飞机大战.cpp(687,27): warning C4244: 'argument': conversion from 'float' to 'int', possible loss of data
E:\C\大作业\飞机大战\黄油飞机大战工程\飞机大战第二版\黄油飞机大战.cpp(688,57): warning C4244: 'argument': conversion from 'float' to 'int', possible loss of data
E:\C\大作业\飞机大战\黄油飞机大战工程\飞机大战第二版\黄油飞机大战.cpp(688,24): warning C4244: 'argument': conversion from 'float' to 'int', possible loss of data
E:\C\大作业\飞机大战\黄油飞机大战工程\飞机大战第二版\黄油飞机大战.cpp(698,60): warning C4244: 'argument': conversion from 'float' to 'int', possible loss of data
E:\C\大作业\飞机大战\黄油飞机大战工程\飞机大战第二版\黄油飞机大战.cpp(698,25): warning C4244: 'argument': conversion from 'float' to 'int', possible loss of data
E:\C\大作业\飞机大战\黄油飞机大战工程\飞机大战第二版\黄油飞机大战.cpp(699,60): warning C4244: 'argument': conversion from 'float' to 'int', possible loss of data
E:\C\大作业\飞机大战\黄油飞机大战工程\飞机大战第二版\黄油飞机大战.cpp(699,25): warning C4244: 'argument': conversion from 'float' to 'int', possible loss of data
E:\C\大作业\飞机大战\黄油飞机大战工程\飞机大战第二版\黄油飞机大战.cpp(703,60): warning C4244: 'argument': conversion from 'float' to 'int', possible loss of data
E:\C\大作业\飞机大战\黄油飞机大战工程\飞机大战第二版\黄油飞机大战.cpp(703,25): warning C4244: 'argument': conversion from 'float' to 'int', possible loss of data
E:\C\大作业\飞机大战\黄油飞机大战工程\飞机大战第二版\黄油飞机大战.cpp(704,60): warning C4244: 'argument': conversion from 'float' to 'int', possible loss of data
E:\C\大作业\飞机大战\黄油飞机大战工程\飞机大战第二版\黄油飞机大战.cpp(704,25): warning C4244: 'argument': conversion from 'float' to 'int', possible loss of data
E:\C\大作业\飞机大战\黄油飞机大战工程\飞机大战第二版\黄油飞机大战.cpp(709,37): warning C4244: 'argument': conversion from 'float' to 'int', possible loss of data
E:\C\大作业\飞机大战\黄油飞机大战工程\飞机大战第二版\黄油飞机大战.cpp(709,25): warning C4244: 'argument': conversion from 'float' to 'int', possible loss of data
E:\C\大作业\飞机大战\黄油飞机大战工程\飞机大战第二版\黄油飞机大战.cpp(822,1): warning C4326: return type of 'main' should be 'int' instead of 'void'
  飞机大战第二版.vcxproj -> E:\C\大作业\飞机大战\黄油飞机大战工程\Debug\黄油飞机大战.exe
